<?xml version="1.0" encoding="UTF-8"?>
<!-- Generated by org.testng.reporters.JUnitReportReporter -->
<testsuite hostname="Anvi" failures="0" tests="3" name="TestNG.Priority" time="0.013" errors="0" timestamp="2023-08-11T17:58:52 IST" skipped="0">
  <testcase classname="TestNG.Priority" name="demo3" time="0.002"/>
  <system-out/>
  <testcase classname="TestNG.Priority" name="demo2" time="0.001"/>
  <system-out/>
  <testcase classname="TestNG.Priority" name="demo" time="0.010"/>
  <system-out/>
</testsuite> <!-- TestNG.Priority -->
