<?xml version="1.0" encoding="UTF-8"?>
<!-- Generated by org.testng.reporters.JUnitReportReporter -->
<testsuite hostname="Anvi" failures="0" tests="1" name="TestNG.Invocation" time="0.001" errors="0" timestamp="2023-08-11T17:58:52 IST" skipped="0">
  <testcase classname="TestNG.Invocation" name="demo" time="0.001"/>
  <system-out/>
</testsuite> <!-- TestNG.Invocation -->
