<?xml version="1.0" encoding="UTF-8"?>
<!-- Generated by org.testng.reporters.JUnitReportReporter -->
<testsuite hostname="Anvi" failures="0" tests="3" name="TestNG.DataProvider" time="11.091" errors="0" timestamp="2023-08-14T18:41:41 IST" skipped="0">
  <testcase classname="TestNG.DataProvider" name="demo" time="3.888"/>
  <system-out/>
  <testcase classname="TestNG.DataProvider" name="demo" time="4.045"/>
  <system-out/>
  <testcase classname="TestNG.DataProvider" name="demo" time="3.158"/>
  <system-out/>
</testsuite> <!-- TestNG.DataProvider -->
